<?xml version="1.0" encoding="UTF-8"?>
<!-- Generated by org.testng.reporters.JUnitReportReporter -->
<testsuite hostname="LAPTOP-3DG6BCMH" failures="0" tests="2" name="TestNGAnnotations.AnnotationsTest2" time="0.016" errors="0" timestamp="2025-02-15T00:28:49 IST" skipped="0">
  <testcase classname="TestNGAnnotations.AnnotationsTest2" name="Search" time="0.011"/>
  <system-out/>
  <testcase classname="TestNGAnnotations.AnnotationsTest2" name="AdvancedSearch" time="0.005"/>
  <system-out/>
</testsuite> <!-- TestNGAnnotations.AnnotationsTest2 -->
