<?xml version="1.0" encoding="UTF-8"?>
<!-- Generated by org.testng.reporters.JUnitReportReporter -->
<testsuite hostname="LAPTOP-3DG6BCMH" failures="0" tests="3" name="TestNGPackage2.LoginTest" time="0.022" errors="0" timestamp="2025-02-16T12:14:17 IST" skipped="0">
  <testcase classname="TestNGPackage2.LoginTest" name="loginByEmail" time="0.017"/>
  <system-out/>
  <testcase classname="TestNGPackage2.LoginTest" name="loginByFacebook" time="0.002"/>
  <system-out/>
  <testcase classname="TestNGPackage2.LoginTest" name="loginByTwitter" time="0.003"/>
  <system-out/>
</testsuite> <!-- TestNGPackage2.LoginTest -->
