<?xml version="1.0" encoding="UTF-8"?>
<!-- Generated by org.testng.reporters.JUnitReportReporter -->
<testsuite hostname="LAPTOP-3DG6BCMH" failures="0" tests="2" name="TestAnnotations2.Class2" time="0.005" errors="0" timestamp="2025-02-15T16:20:58 IST" skipped="0">
  <testcase classname="TestAnnotations2.Class2" name="xyz" time="0.003"/>
  <system-out/>
  <testcase classname="TestAnnotations2.Class2" name="xyz" time="0.002"/>
  <system-out/>
</testsuite> <!-- TestAnnotations2.Class2 -->
