<?xml version="1.0" encoding="UTF-8"?>
<!-- Generated by org.testng.reporters.JUnitReportReporter -->
<testsuite hostname="LAPTOP-3DG6BCMH" failures="0" tests="3" name="TestNGPackage2.SignUpTest" time="0.009" errors="0" timestamp="2025-02-16T12:14:17 IST" skipped="0">
  <testcase classname="TestNGPackage2.SignUpTest" name="signUpByEmail" time="0.005"/>
  <system-out/>
  <testcase classname="TestNGPackage2.SignUpTest" name="signUpByFacebook" time="0.002"/>
  <system-out/>
  <testcase classname="TestNGPackage2.SignUpTest" name="signUpByTwitter" time="0.002"/>
  <system-out/>
</testsuite> <!-- TestNGPackage2.SignUpTest -->
