<?xml version="1.0" encoding="UTF-8"?>
<!-- Generated by org.testng.reporters.JUnitReportReporter -->
<testsuite hostname="LAPTOP-3DG6BCMH" failures="0" tests="2" name="TestNGAnnotations.AnnotationsTest" time="0.026" errors="0" timestamp="2025-02-15T00:11:30 IST" skipped="0">
  <testcase classname="TestNGAnnotations.AnnotationsTest" name="Search" time="0.020"/>
  <system-out/>
  <testcase classname="TestNGAnnotations.AnnotationsTest" name="AdvancedSearch" time="0.006"/>
  <system-out/>
</testsuite> <!-- TestNGAnnotations.AnnotationsTest -->
