<?xml version="1.0" encoding="UTF-8"?>
<!-- Generated by org.testng.reporters.JUnitReportReporter -->
<testsuite hostname="LAPTOP-3DG6BCMH" failures="0" tests="3" name="TestNGPackage.FirstTestCase" time="0.029" errors="0" timestamp="2025-02-14T23:41:23 IST" skipped="0">
  <testcase classname="TestNGPackage.FirstTestCase" name="OpenApp" time="0.025"/>
  <system-out/>
  <testcase classname="TestNGPackage.FirstTestCase" name="Login" time="0.002"/>
  <system-out/>
  <testcase classname="TestNGPackage.FirstTestCase" name="LogOut" time="0.002"/>
  <system-out/>
</testsuite> <!-- TestNGPackage.FirstTestCase -->
