<?xml version="1.0" encoding="UTF-8"?>
<!-- Generated by org.testng.reporters.JUnitReportReporter -->
<testsuite hostname="LAPTOP-3DG6BCMH" failures="0" tests="1" name="TestAnnotations2.HardVsSoftAssertions" time="0.026" errors="0" timestamp="2025-02-15T20:45:37 IST" skipped="0">
  <testcase classname="TestAnnotations2.HardVsSoftAssertions" name="soft_assertions" time="0.026"/>
  <system-out/>
</testsuite> <!-- TestAnnotations2.HardVsSoftAssertions -->
