<?xml version="1.0" encoding="UTF-8"?>
<!-- Generated by org.testng.reporters.JUnitReportReporter -->
<testsuite hostname="LAPTOP-3DG6BCMH" failures="0" tests="1" name="PageObjectModel.LoginTest" time="1.960" errors="0" timestamp="2025-02-19T17:09:10 IST" skipped="0">
  <testcase classname="PageObjectModel.LoginTest" name="testLogin" time="1.960"/>
  <system-out/>
</testsuite> <!-- PageObjectModel.LoginTest -->
