<?xml version="1.0" encoding="UTF-8"?>
<!-- Generated by org.testng.reporters.JUnitReportReporter -->
<testsuite hostname="LAPTOP-3DG6BCMH" failures="0" tests="2" name="TestNGPackage2.PaymentTest" time="0.023" errors="0" timestamp="2025-02-16T12:07:58 IST" skipped="0">
  <testcase classname="TestNGPackage2.PaymentTest" name="paymentInRupees" time="0.022"/>
  <system-out/>
  <testcase classname="TestNGPackage2.PaymentTest" name="paymentInDollars" time="0.001"/>
  <system-out/>
</testsuite> <!-- TestNGPackage2.PaymentTest -->
