<?xml version="1.0" encoding="UTF-8"?>
<!-- Generated by org.testng.reporters.JUnitReportReporter -->
<testsuite hostname="LAPTOP-3DG6BCMH" failures="0" tests="4" name="TestNGPackage.OrangeHRMTest" time="15.885" errors="0" timestamp="2025-02-14T23:41:23 IST" skipped="0">
  <testcase classname="TestNGPackage.OrangeHRMTest" name="OpenApp" time="11.044"/>
  <system-out/>
  <testcase classname="TestNGPackage.OrangeHRMTest" name="TestLogo" time="3.093"/>
  <system-out/>
  <testcase classname="TestNGPackage.OrangeHRMTest" name="TestLogin" time="1.430"/>
  <system-out/>
  <testcase classname="TestNGPackage.OrangeHRMTest" name="CloseApp" time="0.318"/>
  <system-out/>
</testsuite> <!-- TestNGPackage.OrangeHRMTest -->
