<?xml version="1.0" encoding="UTF-8"?>
<!-- Generated by org.testng.reporters.JUnitReportReporter -->
<testsuite hostname="LAPTOP-3DG6BCMH" failures="0" tests="9" name="TestNGDataProvider.ParametersTest" time="0.378" errors="0" timestamp="2025-02-16T19:54:29 IST" skipped="0">
  <testcase classname="TestNGDataProvider.ParametersTest" name="testLogo" time="0.120"/>
  <system-out/>
  <testcase classname="TestNGDataProvider.ParametersTest" name="testLogo" time="0.103"/>
  <system-out/>
  <testcase classname="TestNGDataProvider.ParametersTest" name="testLogo" time="0.067"/>
  <system-out/>
  <testcase classname="TestNGDataProvider.ParametersTest" name="testTitle" time="0.024"/>
  <system-out/>
  <testcase classname="TestNGDataProvider.ParametersTest" name="testTitle" time="0.022"/>
  <system-out/>
  <testcase classname="TestNGDataProvider.ParametersTest" name="testTitle" time="0.007"/>
  <system-out/>
  <testcase classname="TestNGDataProvider.ParametersTest" name="testURL" time="0.014"/>
  <system-out/>
  <testcase classname="TestNGDataProvider.ParametersTest" name="testURL" time="0.014"/>
  <system-out/>
  <testcase classname="TestNGDataProvider.ParametersTest" name="testURL" time="0.007"/>
  <system-out/>
</testsuite> <!-- TestNGDataProvider.ParametersTest -->
