<?xml version="1.0" encoding="UTF-8"?>
<!-- Generated by org.testng.reporters.JUnitReportReporter -->
<testsuite hostname="LAPTOP-3DG6BCMH" failures="0" tests="3" name="TestNGDataProvider.ParamTest" time="0.098" errors="0" timestamp="2025-02-16T19:20:09 IST" skipped="0">
  <testcase classname="TestNGDataProvider.ParamTest" name="testLogo" time="0.070"/>
  <system-out/>
  <testcase classname="TestNGDataProvider.ParamTest" name="testTitle" time="0.015"/>
  <system-out/>
  <testcase classname="TestNGDataProvider.ParamTest" name="testURL" time="0.013"/>
  <system-out/>
</testsuite> <!-- TestNGDataProvider.ParamTest -->
