<?xml version="1.0" encoding="UTF-8"?>
<!-- Generated by org.testng.reporters.JUnitReportReporter -->
<testsuite hostname="LAPTOP-3DG6BCMH" failures="0" tests="1" name="TestAnnotations2.AssertionsTest1" time="0.021" errors="0" timestamp="2025-02-15T20:11:58 IST" skipped="0">
  <testcase classname="TestAnnotations2.AssertionsTest1" name="testTitle" time="0.021"/>
  <system-out/>
</testsuite> <!-- TestAnnotations2.AssertionsTest1 -->
